{"time":"2023-09-18T08:59:33.711287166+05:00","method":"POST","uri":"/api/v1/auth/sign-up/","status":"404","error":"code=404, message=Not Found"
{"time":"2023-09-18T09:01:49.884456799+05:00","method":"POST","uri":"/auth/sign-up/","status":"404","error":"code=404, message=Not Found"
{"time":"2023-09-18T09:05:45.039653721+05:00","method":"POST","uri":"/auth/sign-up/","status":"500","error":"cannot create user"
{"time":"2023-09-18T09:05:52.79817019+05:00","method":"POST","uri":"/auth/auth/sign-up/","status":"404","error":"code=404, message=Not Found"
{"time":"2023-09-18T09:08:48.843890791+05:00","method":"POST","uri":"/sign-up","status":"404","error":"code=404, message=Not Found"
{"time":"2023-09-18T09:10:07.032971522+05:00","method":"POST","uri":"/sign-up/","status":"500","error":"cannot create user"
{"time":"2023-09-18T09:10:35.27095699+05:00","method":"POST","uri":"/sign-up","status":"500","error":"cannot create user"
{"time":"2023-09-18T09:11:10.512634119+05:00","method":"POST","uri":"/sign-up","status":"201","error":""
{"time":"2023-09-18T09:14:44.772117652+05:00","method":"POST","uri":"/auth/login","status":"404","error":"code=404, message=Not Found"
{"time":"2023-09-18T09:14:53.794042462+05:00","method":"POST","uri":"/sign-in","status":"400","error":"field password is required"
{"time":"2023-09-18T09:15:02.193984501+05:00","method":"POST","uri":"/sign-in","status":"400","error":"user not found"
{"time":"2023-09-18T09:15:43.023048507+05:00","method":"POST","uri":"/sign-in","status":"400","error":"user not found"
{"time":"2023-09-18T09:15:44.32416467+05:00","method":"POST","uri":"/sign-in","status":"400","error":"user not found"
{"time":"2023-09-18T09:19:24.515881571+05:00","method":"POST","uri":"/sign-up","status":"400","error":"user already exists"
{"time":"2023-09-18T09:19:36.39052325+05:00","method":"POST","uri":"/sign-up","status":"400","error":"user already exists"
{"time":"2023-09-18T09:20:36.393783352+05:00","method":"POST","uri":"/sign-in","status":"400","error":"user not found"
{"time":"2023-09-18T09:21:29.668565521+05:00","method":"POST","uri":"/sign-in","status":"400","error":"user not found"
{"time":"2023-09-18T09:23:12.667604293+05:00","method":"POST","uri":"/sign-in","status":"400","error":"user not found"
{"time":"2023-09-18T09:23:17.323480424+05:00","method":"POST","uri":"/sign-in","status":"400","error":"user not found"
{"time":"2023-09-18T09:24:52.501838114+05:00","method":"POST","uri":"/sign-in","status":"400","error":"user not found"
{"time":"2023-09-18T09:25:20.917275432+05:00","method":"POST","uri":"/sign-up","status":"201","error":""
{"time":"2023-09-18T09:26:12.972465006+05:00","method":"POST","uri":"/sign-up","status":"201","error":""
{"time":"2023-09-18T09:26:22.782450196+05:00","method":"GET","uri":"/health","status":"200","error":""
{"time":"2023-09-18T09:26:32.718389023+05:00","method":"POST","uri":"/sign-in","status":"400","error":"user not found"
{"time":"2023-09-18T09:27:51.588493773+05:00","method":"POST","uri":"/sign-in","status":"400","error":"user not found"
{"time":"2023-09-18T09:27:57.99486107+05:00","method":"POST","uri":"/sign-up","status":"400","error":"user already exists"
{"time":"2023-09-18T09:33:17.834929552+05:00","method":"POST","uri":"/sign-up","status":"400","error":"user already exists"
{"time":"2023-09-18T09:33:23.306987369+05:00","method":"POST","uri":"/sign-in","status":"400","error":"user not found"
{"time":"2023-09-18T09:34:10.217578031+05:00","method":"POST","uri":"/sign-in","status":"400","error":"user not found"
{"time":"2023-09-18T09:36:38.82186724+05:00","method":"POST","uri":"/sign-in","status":"200","error":""
{"time":"2023-09-18T09:39:42.233010403+05:00","method":"POST","uri":"/sign-up","status":"404","error":"code=404, message=Not Found"
{"time":"2023-09-18T09:39:51.439193796+05:00","method":"POST","uri":"/auth/sign-up","status":"404","error":"code=404, message=Not Found"
{"time":"2023-09-18T09:40:06.984133349+05:00","method":"POST","uri":"/auth//sign-up","status":"404","error":"code=404, message=Not Found"
{"time":"2023-09-18T09:40:37.300062336+05:00","method":"POST","uri":"/auth/sign-up/","status":"400","error":"user already exists"
{"time":"2023-09-18T09:40:45.546732661+05:00","method":"POST","uri":"/sign-in/","status":"404","error":"code=404, message=Not Found"
{"time":"2023-09-18T09:40:54.300682615+05:00","method":"POST","uri":"/auth/sign-in/","status":"200","error":""
{"time":"2023-09-18T09:41:13.486381916+05:00","method":"POST","uri":"/auth/sign-in","status":"200","error":""
{"time":"2023-09-18T09:41:20.959180918+05:00","method":"POST","uri":"/auth/sign-up","status":"400","error":"user already exists"
{"time":"2023-09-23T14:37:47.947676005+05:00","method":"POST","uri":"/api/v1/upload","status":"401","error":""
{"time":"2023-09-23T14:38:03.44691286+05:00","method":"POST","uri":"/auth","status":"404","error":"code=404, message=Not Found"
{"time":"2023-09-23T14:38:08.159166511+05:00","method":"POST","uri":"/auth/sign-in","status":"200","error":""
{"time":"2023-09-23T14:40:47.835071011+05:00","method":"POST","uri":"/api/v1/upload","status":"404","error":"code=404, message=Not Found"
{"time":"2023-09-23T14:42:21.480960148+05:00","method":"POST","uri":"/api/v1/file","status":"400","error":"open hickup.jpg: no such file or directory"
{"time":"2023-09-23T15:17:24.692866729+05:00","method":"POST","uri":"/api/v1/file","status":"200","error":""
{"time":"2023-09-23T15:21:25.73205803+05:00","method":"POST","uri":"/api/v1/file","status":"200","error":""
{"time":"2023-09-23T15:22:38.470905637+05:00","method":"POST","uri":"/api/v1/file","status":"400","error":""
{"time":"2023-09-23T15:23:18.162004943+05:00","method":"POST","uri":"/api/v1/file","status":"200","error":""
{"time":"2023-09-23T16:12:30.008608232+05:00","method":"POST","uri":"/auth/sign-up","status":"500","error":"cannot create user"
{"time":"2023-09-23T16:13:49.031752088+05:00","method":"POST","uri":"/auth/sign-up","status":"201","error":""
{"time":"2023-09-23T16:15:29.308313907+05:00","method":"POST","uri":"/auth/sign-in","status":"200","error":""
{"time":"2023-09-23T16:15:49.48926736+05:00","method":"POST","uri":"/api/v1/file","status":"200","error":""
{"time":"2023-09-23T16:18:12.870413948+05:00","method":"POST","uri":"/api/v1/file","status":"200","error":""
{"time":"2023-09-23T16:19:40.625387179+05:00","method":"POST","uri":"/api/v1/file","status":"200","error":""
{"time":"2023-09-28T06:55:25.941922121+05:00","method":"POST","uri":"/auth/sign-up","status":"400","error":"field username is required"
{"time":"2023-09-28T07:00:16.347780633+05:00","method":"POST","uri":"/auth/sign-up","status":"400","error":"field username is required"
{"time":"2023-09-28T07:00:48.299238314+05:00","method":"POST","uri":"/auth/sign-up","status":"400","error":"field username is required"
{"time":"2023-09-28T07:01:45.868954047+05:00","method":"POST","uri":"/auth/sign-up","status":"500","error":"cannot create user"
{"time":"2023-09-28T07:01:54.129467205+05:00","method":"POST","uri":"/auth/sign-up","status":"500","error":"cannot create user"
{"time":"2023-09-28T07:01:59.482511102+05:00","method":"POST","uri":"/auth/sign-up","status":"500","error":"cannot create user"
{"time":"2023-09-28T07:02:23.888789429+05:00","method":"POST","uri":"/auth/sign-up","status":"500","error":"cannot create user"
{"time":"2023-09-28T07:04:33.438309734+05:00","method":"POST","uri":"/auth/sign-up","status":"400","error":"user already exists"
{"time":"2023-09-28T22:13:39.068480543+05:00","method":"GET","uri":"/auth/signup","status":"404","error":"code=404, message=Not Found"
{"time":"2023-09-29T10:13:05.626265385Z","method":"POST","uri":"/auth/sign-up","status":"500","error":"cannot create user"
{"time":"2023-09-29T10:15:04.992203327Z","method":"POST","uri":"/auth/sign-up","status":"500","error":"cannot create user"
{"time":"2023-09-29T10:18:45.253382531Z","method":"POST","uri":"/auth/sign-up","status":"500","error":"cannot create user"
{"time":"2023-09-29T10:19:06.226329982Z","method":"POST","uri":"/auth/sign-up","status":"500","error":"cannot create user"
{"time":"2023-09-29T10:24:32.65514295Z","method":"POST","uri":"/auth/sign-up","status":"500","error":"cannot create user"
{"time":"2023-09-29T10:45:50.566253303Z","method":"POST","uri":"/auth/sign-up","status":"500","error":"cannot create user"
{"time":"2023-09-29T10:49:11.915340651Z","method":"POST","uri":"/auth/sign-up","status":"500","error":"cannot create user"
{"time":"2023-09-29T10:50:21.262197191Z","method":"POST","uri":"/auth/sign-up","status":"500","error":"cannot create user"
{"time":"2023-09-29T10:52:34.009413962Z","method":"POST","uri":"/auth/sign-up","status":"500","error":"cannot create user"
{"time":"2023-09-29T10:59:02.497218626Z","method":"POST","uri":"/auth/sign-up","status":"500","error":"cannot create user"
{"time":"2023-09-29T10:59:15.469503425Z","method":"POST","uri":"/auth/sign-up","status":"500","error":"cannot create user"
{"time":"2023-09-29T11:01:13.06273692Z","method":"POST","uri":"/auth/sign-up","status":"201","error":""
{"time":"2023-09-29T11:01:32.550025507Z","method":"POST","uri":"/auth/sign-up","status":"400","error":"user already exists"
{"time":"2023-09-29T11:02:36.614783523Z","method":"POST","uri":"/auth/sign-up","status":"400","error":"user already exists"
{"time":"2023-09-29T11:04:10.020205277Z","method":"POST","uri":"/auth/sign-in","status":"200","error":""
{"time":"2023-09-29T11:04:29.510066361Z","method":"POST","uri":"/api/v1/file","status":"200","error":""
{"time":"2023-09-29T11:06:53.287421872Z","method":"POST","uri":"/auth/sign-in","status":"500","error":"cannot get user"
{"time":"2023-09-29T11:08:10.833313614Z","method":"POST","uri":"/auth/sign-in","status":"500","error":"cannot get user"
{"time":"2023-09-29T11:11:47.629166144Z","method":"POST","uri":"/auth/sign-in","status":"500","error":"cannot get user"
{"time":"2023-09-29T11:13:09.452047076Z","method":"POST","uri":"/auth/sign-up","status":"201","error":""
{"time":"2023-09-29T11:13:14.273401818Z","method":"POST","uri":"/auth/sign-in","status":"200","error":""
{"time":"2023-09-29T11:13:35.151494859Z","method":"GET","uri":"/health","status":"200","error":""
{"time":"2023-09-30T04:16:46.957279961Z","method":"POST","uri":"/auth/sign-up","status":"201","error":""
{"time":"2023-09-30T04:21:25.874068333Z","method":"POST","uri":"/auth/sign-in","status":"200","error":""
{"time":"2023-09-30T04:29:35.229215901Z","method":"POST","uri":"/api/v1/file","status":"200","error":""
